<?xml version='1.0'?>
<ns2:test-suite xmlns:ns2='urn:model.allure.qatools.yandex.ru' start='1723822679735' stop='1723822686134'>
    <name>Selenium Tests3 - test2</name>
    <title>Selenium Tests3 - test2</title>
    <test-cases>
        <test-case start='1723822681042' status='passed' stop='1723822682327'>
            <name>should have a title containing "The Internet"</name>
            <title>should have a title containing "The Internet"</title>
            <labels/>
            <parameters/>
            <steps/>
            <attachments/>
        </test-case>
        <test-case start='1723822682327' status='passed' stop='1723822682645'>
            <name>should find "A/B Testing" link</name>
            <title>should find "A/B Testing" link</title>
            <labels/>
            <parameters/>
            <steps/>
            <attachments/>
        </test-case>
        <test-case start='1723822682646' status='failed' stop='1723822683373'>
            <name>should navigate to "A/B Testing" page</name>
            <title>should navigate to "A/B Testing" page</title>
            <labels/>
            <parameters/>
            <steps/>
            <attachments/>
            <failure>
                <message>expected 'A/B Test Variation 1' to equal 'A/B Test Control'</message>
                <stack-trace>AssertionError: expected 'A/B Test Variation 1' to equal 'A/B Test Control'
                    at Context.&lt;anonymous> (file:///home/themalaland/Documents/selenium-test-project4/tests/test2.mjs:38:23)
                    at process.processTicksAndRejections (node:internal/process/task_queues:95:5)</stack-trace>
            </failure>
        </test-case>
        <test-case start='1723822683373' status='failed' stop='1723822683660'>
            <name>should verify "Forgot Password" page title</name>
            <title>should verify "Forgot Password" page title</title>
            <labels/>
            <parameters/>
            <steps/>
            <attachments/>
            <failure>
                <message>expected 'The Internet' to include 'Forgot Password'</message>
                <stack-trace>AssertionError: expected 'The Internet' to include 'Forgot Password'
                    at Context.&lt;anonymous> (file:///home/themalaland/Documents/selenium-test-project4/tests/test2.mjs:44:22)
                    at process.processTicksAndRejections (node:internal/process/task_queues:95:5)</stack-trace>
            </failure>
        </test-case>
        <test-case start='1723822683660' status='passed' stop='1723822685353'>
            <name>should login with valid credentials</name>
            <title>should login with valid credentials</title>
            <labels/>
            <parameters/>
            <steps/>
            <attachments/>
        </test-case>
        <test-case start='1723822685354' status='passed' stop='1723822685836'>
            <name>should click "Click for JS Alert" and verify alert text</name>
            <title>should click "Click for JS Alert" and verify alert text</title>
            <labels/>
            <parameters/>
            <steps/>
            <attachments/>
        </test-case>
        <test-case start='1723822685836' status='passed' stop='1723822686068'>
            <name>should measure page load time</name>
            <title>should measure page load time</title>
            <labels/>
            <parameters/>
            <steps/>
            <attachments/>
        </test-case>
    </test-cases>
</ns2:test-suite>