<?xml version='1.0'?>
<ns2:test-suite xmlns:ns2='urn:model.allure.qatools.yandex.ru' start='1723925061966' stop='1723925068734'>
    <name>Selenium Tests3 - test2</name>
    <title>Selenium Tests3 - test2</title>
    <test-cases>
        <test-case start='1723925063251' status='passed' stop='1723925064702'>
            <name>should have a title containing "The Internet"</name>
            <title>should have a title containing "The Internet"</title>
            <labels/>
            <parameters/>
            <steps/>
            <attachments/>
        </test-case>
        <test-case start='1723925064702' status='passed' stop='1723925065062'>
            <name>should find "A/B Testing" link</name>
            <title>should find "A/B Testing" link</title>
            <labels/>
            <parameters/>
            <steps/>
            <attachments/>
        </test-case>
        <test-case start='1723925065062' status='passed' stop='1723925065971'>
            <name>should navigate to "A/B Testing" page</name>
            <title>should navigate to "A/B Testing" page</title>
            <labels/>
            <parameters/>
            <steps/>
            <attachments/>
        </test-case>
        <test-case start='1723925065972' status='failed' stop='1723925066295'>
            <name>should verify "Forgot Password" page title</name>
            <title>should verify "Forgot Password" page title</title>
            <labels/>
            <parameters/>
            <steps/>
            <attachments/>
            <failure>
                <message>expected 'The Internet' to include 'Forgot Password'</message>
                <stack-trace>AssertionError: expected 'The Internet' to include 'Forgot Password'
                    at Context.&lt;anonymous> (file:///home/themalaland/Documents/selenium-test-project4/tests/test2.mjs:44:22)
                    at process.processTicksAndRejections (node:internal/process/task_queues:95:5)</stack-trace>
            </failure>
        </test-case>
        <test-case start='1723925066295' status='passed' stop='1723925067907'>
            <name>should login with valid credentials</name>
            <title>should login with valid credentials</title>
            <labels/>
            <parameters/>
            <steps/>
            <attachments/>
        </test-case>
        <test-case start='1723925067907' status='passed' stop='1723925068359'>
            <name>should click "Click for JS Alert" and verify alert text</name>
            <title>should click "Click for JS Alert" and verify alert text</title>
            <labels/>
            <parameters/>
            <steps/>
            <attachments/>
        </test-case>
        <test-case start='1723925068359' status='passed' stop='1723925068665'>
            <name>should measure page load time</name>
            <title>should measure page load time</title>
            <labels/>
            <parameters/>
            <steps/>
            <attachments/>
        </test-case>
    </test-cases>
</ns2:test-suite>